<?xml version="1.0" encoding="UTF-8"?>
<!-- Generated by org.testng.reporters.JUnitReportReporter -->
<testsuite hostname="DESKTOP-PJQ4V1R" failures="0" tests="1" name="page_ObjectM.TestCases_Amazon" time="72.087" errors="0" timestamp="2024-02-06T17:31:27 IST" skipped="0">
  <testcase classname="page_ObjectM.TestCases_Amazon" name="searcPage" time="72.087"/>
  <system-out/>
</testsuite> <!-- page_ObjectM.TestCases_Amazon -->
