<?xml version="1.0" encoding="UTF-8"?>
<!-- Generated by org.testng.reporters.JUnitReportReporter -->
<testsuite hostname="DESKTOP-PJQ4V1R" failures="0" tests="2" name="testNGSuper.Super_Two" time="10.846" errors="0" timestamp="2024-02-05T15:31:01 IST" skipped="0">
  <testcase classname="testNGSuper.Super_Two" name="methodD" time="4.475"/>
  <system-out/>
  <testcase classname="testNGSuper.Super_Two" name="methodE" time="6.371"/>
  <system-out/>
</testsuite> <!-- testNGSuper.Super_Two -->
