<?xml version="1.0" encoding="UTF-8"?>
<!-- Generated by org.testng.reporters.JUnitReportReporter -->
<testsuite hostname="DESKTOP-PJQ4V1R" failures="0" tests="1" name="log4j.LogFile_Impl" time="0.032" errors="0" timestamp="2024-02-16T16:09:49 IST" skipped="0">
  <testcase classname="log4j.LogFile_Impl" name="Print" time="0.032"/>
  <system-out/>
</testsuite> <!-- log4j.LogFile_Impl -->
