<?xml version="1.0" encoding="UTF-8"?>
<!-- Generated by org.testng.reporters.JUnitReportReporter -->
<testsuite hostname="DESKTOP-PJQ4V1R" failures="0" tests="1" name="page_object_model.TestCases_Amazon" time="16.295" errors="0" timestamp="2024-02-06T17:40:11 IST" skipped="0">
  <testcase classname="page_object_model.TestCases_Amazon" name="searcPage" time="16.295"/>
  <system-out/>
</testsuite> <!-- page_object_model.TestCases_Amazon -->
