<?xml version="1.0" encoding="UTF-8"?>
<!-- Generated by org.testng.reporters.JUnitReportReporter -->
<testsuite hostname="DESKTOP-PJQ4V1R" failures="0" tests="1" name="extentReporting.Test_Reporting" time="2.669" errors="0" timestamp="2024-02-18T11:46:39 IST" skipped="0">
  <testcase classname="extentReporting.Test_Reporting" name="extentMethod" time="2.669"/>
  <system-out/>
</testsuite> <!-- extentReporting.Test_Reporting -->
