<?xml version="1.0" encoding="UTF-8"?>
<!-- Generated by org.testng.reporters.JUnitReportReporter -->
<testsuite hostname="DESKTOP-PJQ4V1R" failures="0" tests="1" name="facebook.HomePage_FB" time="2.270" errors="0" timestamp="2024-02-12T17:29:44 IST" skipped="0">
  <testcase classname="facebook.HomePage_FB" name="homePage_TestCases" time="2.270"/>
  <system-out/>
</testsuite> <!-- facebook.HomePage_FB -->
