<?xml version="1.0" encoding="UTF-8"?>
<!-- Generated by org.testng.reporters.JUnitReportReporter -->
<testsuite hostname="DESKTOP-PJQ4V1R" failures="0" tests="3" name="testNGSuper.Super_Test" time="17.087" errors="0" timestamp="2024-02-05T15:34:46 IST" skipped="0">
  <testcase classname="testNGSuper.Super_Test" name="methodC" time="6.630"/>
  <system-out/>
  <testcase classname="testNGSuper.Super_Test" name="methodA" time="5.458"/>
  <system-out/>
  <testcase classname="testNGSuper.Super_Test" name="methodB" time="4.999"/>
  <system-out/>
</testsuite> <!-- testNGSuper.Super_Test -->
