<?xml version="1.0" encoding="UTF-8"?>
<!-- Generated by org.testng.reporters.JUnitReportReporter -->
<testsuite hostname="DESKTOP-PJQ4V1R" failures="0" tests="1" name="advisor_khoj.WebElement" time="8.628" errors="0" timestamp="2024-02-11T22:09:05 IST" skipped="0">
  <testcase classname="advisor_khoj.WebElement" name="f" time="8.628"/>
  <system-out/>
</testsuite> <!-- advisor_khoj.WebElement -->
