<?xml version="1.0" encoding="UTF-8"?>
<!-- Generated by org.testng.reporters.JUnitReportReporter -->
<testsuite hostname="DESKTOP-PJQ4V1R" failures="0" tests="1" name="page_ObjectM.FlipkartPOM" time="5.882" errors="0" timestamp="2024-02-06T16:14:35 IST" skipped="0">
  <testcase classname="page_ObjectM.FlipkartPOM" name="searcPage" time="5.882"/>
  <system-out/>
</testsuite> <!-- page_ObjectM.FlipkartPOM -->
