<?xml version="1.0" encoding="UTF-8"?>
<!-- Generated by org.testng.reporters.JUnitReportReporter -->
<testsuite hostname="DESKTOP-PJQ4V1R" failures="0" tests="2" name="facebook.Home_TestCases" time="3.486" errors="0" timestamp="2024-03-10T14:38:13 IST" skipped="0">
  <testcase classname="facebook.Home_TestCases" name="homePage_Test001" time="1.583"/>
  <testcase classname="facebook.Home_TestCases" name="homePage_Test002" time="1.903"/>
</testsuite> <!-- facebook.Home_TestCases -->
